<?xml version="1.0" encoding="UTF-8"?>
<testsuite xmlns:xsi="http://www.w3.org/2001/XMLSchema-instance" xsi:noNamespaceSchemaLocation="https://maven.apache.org/surefire/maven-surefire-plugin/xsd/surefire-test-report-3.0.xsd" version="3.0" name="com.example.shorterUrl.controller.ShorterUrlControllerTest" time="12.209" tests="10" errors="0" skipped="0" failures="0">
  <properties>
[...]
</properties>
  <testcase name="cenario10" classname="com.example.shorterUrl.controller.ShorterUrlControllerTest" time="0.19">
    <system-out><![CDATA[13:45:01.532 [main] INFO org.springframework.test.context.support.AnnotationConfigContextLoaderUtils -- Could not detect default configuration classes for test class [com.example.shorterUrl.controller.ShorterUrlControllerTest]: ShorterUrlControllerTest does not declare any static, non-private, non-final, nested classes annotated with @Configuration.
13:45:01.754 [main] INFO org.springframework.boot.test.context.SpringBootTestContextBootstrapper -- Found @SpringBootConfiguration com.example.shorterUrl.ShorterUrlApplication for test class com.example.shorterUrl.controller.ShorterUrlControllerTest
13:45:02.075 [main] INFO org.springframework.boot.devtools.restart.RestartApplicationListener -- Restart disabled due to context in which it is running

  .   ____          _            __ _ _
 /\\ / ___'_ __ _ _(_)_ __  __ _ \ \ \ \
( ( )\___ | '_ | '_| | '_ \/ _` | \ \ \ \
 \\/  ___)| |_)| | | | | || (_| |  ) ) ) )
  '  |____| .__|_| |_|_| |_\__, | / / / /
 =========|_|==============|___/=/_/_/_/
 :: Spring Boot ::                (v3.1.5)

2023-11-16T13:45:02.525-03:00  INFO 21052 --- [           main] c.e.s.c.ShorterUrlControllerTest         : Starting ShorterUrlControllerTest using Java 20.0.1 with PID 21052 (started by haroldomorais in C:\Users\HaroldoMorais\git\projectShortenedUrlJavaApi\shorterUrl)
2023-11-16T13:45:02.526-03:00  INFO 21052 --- [           main] c.e.s.c.ShorterUrlControllerTest         : No active profile set, falling back to 1 default profile: "default"
2023-11-16T13:45:03.877-03:00  INFO 21052 --- [           main] .s.d.r.c.RepositoryConfigurationDelegate : Bootstrapping Spring Data JPA repositories in DEFAULT mode.
2023-11-16T13:45:03.972-03:00  INFO 21052 --- [           main] .s.d.r.c.RepositoryConfigurationDelegate : Finished Spring Data repository scanning in 77 ms. Found 1 JPA repository interfaces.
2023-11-16T13:45:06.674-03:00  INFO 21052 --- [           main] o.f.c.internal.license.VersionPrinter    : Flyway Community Edition 9.16.3 by Redgate
2023-11-16T13:45:06.674-03:00  INFO 21052 --- [           main] o.f.c.internal.license.VersionPrinter    : See release notes here: https://rd.gt/416ObMi
2023-11-16T13:45:06.674-03:00  INFO 21052 --- [           main] o.f.c.internal.license.VersionPrinter    : 
2023-11-16T13:45:06.706-03:00  INFO 21052 --- [           main] com.zaxxer.hikari.HikariDataSource       : HikariPool-1 - Starting...
2023-11-16T13:45:07.290-03:00  INFO 21052 --- [           main] com.zaxxer.hikari.pool.HikariPool        : HikariPool-1 - Added connection org.postgresql.jdbc.PgConnection@48b3b1b8
2023-11-16T13:45:07.293-03:00  INFO 21052 --- [           main] com.zaxxer.hikari.HikariDataSource       : HikariPool-1 - Start completed.
2023-11-16T13:45:07.329-03:00  INFO 21052 --- [           main] o.f.c.i.database.base.BaseDatabaseType   : Database: jdbc:postgresql://localhost:5432/url (PostgreSQL 16.0)
2023-11-16T13:45:07.344-03:00  WARN 21052 --- [           main] o.f.c.internal.database.base.Database    : Flyway upgrade recommended: PostgreSQL 16.0 is newer than this version of Flyway and support has not been tested. The latest supported version of PostgreSQL is 15.
2023-11-16T13:45:07.455-03:00  INFO 21052 --- [           main] o.f.core.internal.command.DbValidate     : Successfully validated 3 migrations (execution time 00:00.084s)
2023-11-16T13:45:07.688-03:00  INFO 21052 --- [           main] o.f.core.internal.command.DbMigrate      : Current version of schema "public": 3
2023-11-16T13:45:07.688-03:00  INFO 21052 --- [           main] o.f.core.internal.command.DbMigrate      : Schema "public" is up to date. No migration necessary.
2023-11-16T13:45:08.022-03:00  INFO 21052 --- [           main] o.hibernate.jpa.internal.util.LogHelper  : HHH000204: Processing PersistenceUnitInfo [name: default]
2023-11-16T13:45:08.225-03:00  INFO 21052 --- [           main] org.hibernate.Version                    : HHH000412: Hibernate ORM core version 6.2.13.Final
2023-11-16T13:45:08.233-03:00  INFO 21052 --- [           main] org.hibernate.cfg.Environment            : HHH000406: Using bytecode reflection optimizer
2023-11-16T13:45:08.624-03:00  INFO 21052 --- [           main] o.s.o.j.p.SpringPersistenceUnitInfo      : No LoadTimeWeaver setup: ignoring JPA class transformer
2023-11-16T13:45:08.747-03:00  WARN 21052 --- [           main] org.hibernate.orm.deprecation            : HHH90000025: PostgreSQLDialect does not need to be specified explicitly using 'hibernate.dialect' (remove the property setting and it will be selected by default)
2023-11-16T13:45:10.400-03:00  INFO 21052 --- [           main] o.h.e.t.j.p.i.JtaPlatformInitiator       : HHH000489: No JTA platform available (set 'hibernate.transaction.jta.platform' to enable JTA platform integration)
2023-11-16T13:45:10.403-03:00  INFO 21052 --- [           main] j.LocalContainerEntityManagerFactoryBean : Initialized JPA EntityManagerFactory for persistence unit 'default'
2023-11-16T13:45:11.079-03:00  WARN 21052 --- [           main] JpaBaseConfiguration$JpaWebConfiguration : spring.jpa.open-in-view is enabled by default. Therefore, database queries may be performed during view rendering. Explicitly configure spring.jpa.open-in-view to disable this warning
2023-11-16T13:45:12.650-03:00  INFO 21052 --- [           main] o.s.b.t.m.w.SpringBootMockServletContext : Initializing Spring TestDispatcherServlet ''
2023-11-16T13:45:12.651-03:00  INFO 21052 --- [           main] o.s.t.web.servlet.TestDispatcherServlet  : Initializing Servlet ''
2023-11-16T13:45:12.655-03:00  INFO 21052 --- [           main] o.s.t.web.servlet.TestDispatcherServlet  : Completed initialization in 3 ms
2023-11-16T13:45:12.691-03:00  INFO 21052 --- [           main] c.e.s.c.ShorterUrlControllerTest         : Started ShorterUrlControllerTest in 10.664 seconds (process running for 12.817)
]]></system-out>
  </testcase>
  <testcase name="cenario1" classname="com.example.shorterUrl.controller.ShorterUrlControllerTest" time="0.101"/>
  <testcase name="cenario2" classname="com.example.shorterUrl.controller.ShorterUrlControllerTest" time="0.086"/>
  <testcase name="cenario3" classname="com.example.shorterUrl.controller.ShorterUrlControllerTest" time="0.016"/>
  <testcase name="cenario4" classname="com.example.shorterUrl.controller.ShorterUrlControllerTest" time="0.017"/>
  <testcase name="cenario5" classname="com.example.shorterUrl.controller.ShorterUrlControllerTest" time="0.005"/>
  <testcase name="cenario6" classname="com.example.shorterUrl.controller.ShorterUrlControllerTest" time="0.151"/>
  <testcase name="cenario7" classname="com.example.shorterUrl.controller.ShorterUrlControllerTest" time="0.004"/>
  <testcase name="cenario8" classname="com.example.shorterUrl.controller.ShorterUrlControllerTest" time="0.005"/>
  <testcase name="cenario9" classname="com.example.shorterUrl.controller.ShorterUrlControllerTest" time="0.006"/>
</testsuite>