<?xml version="1.0" encoding="UTF-8"?>
<testsuite xmlns:xsi="http://www.w3.org/2001/XMLSchema-instance" xsi:noNamespaceSchemaLocation="https://maven.apache.org/surefire/maven-surefire-plugin/xsd/surefire-test-report-3.0.xsd" version="3.0" name="com.example.shorterUrl.repository.ShorterUrlRepositoryTest" time="2.219" tests="8" errors="0" skipped="0" failures="0">
  <properties>
[...]
</properties>
  <testcase name="findByShortUrl_ShouldReturnNullIfNotExists" classname="com.example.shorterUrl.repository.ShorterUrlRepositoryTest" time="0.238">
    <system-out><![CDATA[2023-11-15T14:00:40.235-03:00  INFO 64312 --- [           main] t.c.s.AnnotationConfigContextLoaderUtils : Could not detect default configuration classes for test class [com.example.shorterUrl.repository.ShorterUrlRepositoryTest]: ShorterUrlRepositoryTest does not declare any static, non-private, non-final, nested classes annotated with @Configuration.
2023-11-15T14:00:40.309-03:00  INFO 64312 --- [           main] .b.t.c.SpringBootTestContextBootstrapper : Found @SpringBootConfiguration com.example.shorterUrl.ShorterUrlApplication for test class com.example.shorterUrl.repository.ShorterUrlRepositoryTest
2023-11-15T14:00:40.320-03:00  INFO 64312 --- [           main] o.s.b.d.r.RestartApplicationListener     : Restart disabled due to context in which it is running

  .   ____          _            __ _ _
 /\\ / ___'_ __ _ _(_)_ __  __ _ \ \ \ \
( ( )\___ | '_ | '_| | '_ \/ _` | \ \ \ \
 \\/  ___)| |_)| | | | | || (_| |  ) ) ) )
  '  |____| .__|_| |_|_| |_\__, | / / / /
 =========|_|==============|___/=/_/_/_/
 :: Spring Boot ::                (v3.1.5)

2023-11-15T14:00:40.409-03:00  INFO 64312 --- [           main] c.e.s.r.ShorterUrlRepositoryTest         : Starting ShorterUrlRepositoryTest using Java 20.0.1 with PID 64312 (started by haroldomorais in C:\Users\HaroldoMorais\git\projectShortenedUrlJavaApi\shorterUrl)
2023-11-15T14:00:40.410-03:00  INFO 64312 --- [           main] c.e.s.r.ShorterUrlRepositoryTest         : The following 1 profile is active: "test"
2023-11-15T14:00:40.775-03:00  INFO 64312 --- [           main] .s.d.r.c.RepositoryConfigurationDelegate : Bootstrapping Spring Data JPA repositories in DEFAULT mode.
2023-11-15T14:00:40.885-03:00  INFO 64312 --- [           main] .s.d.r.c.RepositoryConfigurationDelegate : Finished Spring Data repository scanning in 109 ms. Found 2 JPA repository interfaces.
2023-11-15T14:00:41.000-03:00  INFO 64312 --- [           main] com.zaxxer.hikari.HikariDataSource       : HikariPool-2 - Starting...
2023-11-15T14:00:41.257-03:00  INFO 64312 --- [           main] com.zaxxer.hikari.pool.HikariPool        : HikariPool-2 - Added connection org.postgresql.jdbc.PgConnection@10387d6d
2023-11-15T14:00:41.258-03:00  INFO 64312 --- [           main] com.zaxxer.hikari.HikariDataSource       : HikariPool-2 - Start completed.
2023-11-15T14:00:41.259-03:00  INFO 64312 --- [           main] o.f.c.i.database.base.BaseDatabaseType   : Database: jdbc:postgresql://localhost:5432/url_test (PostgreSQL 16.0)
2023-11-15T14:00:41.262-03:00  WARN 64312 --- [           main] o.f.c.internal.database.base.Database    : Flyway upgrade recommended: PostgreSQL 16.0 is newer than this version of Flyway and support has not been tested. The latest supported version of PostgreSQL is 15.
2023-11-15T14:00:41.294-03:00  INFO 64312 --- [           main] o.f.core.internal.command.DbValidate     : Successfully validated 3 migrations (execution time 00:00.022s)
2023-11-15T14:00:41.511-03:00  INFO 64312 --- [           main] o.f.core.internal.command.DbMigrate      : Current version of schema "public": 3
2023-11-15T14:00:41.511-03:00  INFO 64312 --- [           main] o.f.core.internal.command.DbMigrate      : Schema "public" is up to date. No migration necessary.
2023-11-15T14:00:41.540-03:00  INFO 64312 --- [           main] o.hibernate.jpa.internal.util.LogHelper  : HHH000204: Processing PersistenceUnitInfo [name: default]
2023-11-15T14:00:41.569-03:00  INFO 64312 --- [           main] o.s.o.j.p.SpringPersistenceUnitInfo      : No LoadTimeWeaver setup: ignoring JPA class transformer
2023-11-15T14:00:41.594-03:00  WARN 64312 --- [           main] org.hibernate.orm.deprecation            : HHH90000025: PostgreSQLDialect does not need to be specified explicitly using 'hibernate.dialect' (remove the property setting and it will be selected by default)
2023-11-15T14:00:41.683-03:00  INFO 64312 --- [           main] o.h.e.t.j.p.i.JtaPlatformInitiator       : HHH000489: No JTA platform available (set 'hibernate.transaction.jta.platform' to enable JTA platform integration)
2023-11-15T14:00:41.684-03:00  INFO 64312 --- [           main] j.LocalContainerEntityManagerFactoryBean : Initialized JPA EntityManagerFactory for persistence unit 'default'
2023-11-15T14:00:41.895-03:00  INFO 64312 --- [           main] c.e.s.r.ShorterUrlRepositoryTest         : Started ShorterUrlRepositoryTest in 1.577 seconds (process running for 15.244)
Hibernate: select s1_0.id,s1_0.accessnumber,s1_0.longurl,s1_0.shorturl from url s1_0 where s1_0.shorturl=?
]]></system-out>
  </testcase>
  <testcase name="findAllProjectedBy_ShouldReturnEmptyPageWithInvalidPaginationParameters" classname="com.example.shorterUrl.repository.ShorterUrlRepositoryTest" time="0.034">
    <system-out><![CDATA[Hibernate: select s1_0.id,s1_0.shorturl,s1_0.longurl,s1_0.accessnumber from url s1_0 offset ? rows fetch first ? rows only
]]></system-out>
  </testcase>
  <testcase name="findAllProjectedBy_ShouldReturnEmptyPageWithInvalidPagination" classname="com.example.shorterUrl.repository.ShorterUrlRepositoryTest" time="0.018">
    <system-out><![CDATA[Hibernate: select s1_0.id,s1_0.shorturl,s1_0.longurl,s1_0.accessnumber from url s1_0 offset ? rows fetch first ? rows only
Hibernate: select count(s1_0.id) from url s1_0
]]></system-out>
  </testcase>
  <testcase name="findFirst10ByOrderByAccessNumberDesc_ShouldReturnFirst10ShorterUrls" classname="com.example.shorterUrl.repository.ShorterUrlRepositoryTest" time="0.142">
    <system-out><![CDATA[Hibernate: insert into url (accessnumber,longurl,shorturl) values (?,?,?)
Hibernate: insert into url (accessnumber,longurl,shorturl) values (?,?,?)
Hibernate: insert into url (accessnumber,longurl,shorturl) values (?,?,?)
Hibernate: insert into url (accessnumber,longurl,shorturl) values (?,?,?)
Hibernate: insert into url (accessnumber,longurl,shorturl) values (?,?,?)
Hibernate: insert into url (accessnumber,longurl,shorturl) values (?,?,?)
Hibernate: insert into url (accessnumber,longurl,shorturl) values (?,?,?)
Hibernate: insert into url (accessnumber,longurl,shorturl) values (?,?,?)
Hibernate: insert into url (accessnumber,longurl,shorturl) values (?,?,?)
Hibernate: insert into url (accessnumber,longurl,shorturl) values (?,?,?)
Hibernate: insert into url (accessnumber,longurl,shorturl) values (?,?,?)
Hibernate: insert into url (accessnumber,longurl,shorturl) values (?,?,?)
Hibernate: insert into url (accessnumber,longurl,shorturl) values (?,?,?)
Hibernate: insert into url (accessnumber,longurl,shorturl) values (?,?,?)
Hibernate: insert into url (accessnumber,longurl,shorturl) values (?,?,?)
Hibernate: select s1_0.id,s1_0.accessnumber,s1_0.longurl,s1_0.shorturl from url s1_0 order by s1_0.accessnumber desc fetch first ? rows only
]]></system-out>
  </testcase>
  <testcase name="findByShortUrl_ShouldReturnShorterUrlIfExists" classname="com.example.shorterUrl.repository.ShorterUrlRepositoryTest" time="0.014">
    <system-out><![CDATA[Hibernate: insert into url (accessnumber,longurl,shorturl) values (?,?,?)
Hibernate: select s1_0.id,s1_0.accessnumber,s1_0.longurl,s1_0.shorturl from url s1_0 where s1_0.shorturl=?
]]></system-out>
  </testcase>
  <testcase name="findByLongUrl_ShouldReturnShorterUrlIfExists" classname="com.example.shorterUrl.repository.ShorterUrlRepositoryTest" time="0.015">
    <system-out><![CDATA[Hibernate: insert into url (accessnumber,longurl,shorturl) values (?,?,?)
Hibernate: select s1_0.id,s1_0.accessnumber,s1_0.longurl,s1_0.shorturl from url s1_0 where s1_0.longurl=?
]]></system-out>
  </testcase>
  <testcase name="findFirst10ByOrderByAccessNumberDesc_ShouldReturnEmptyListIfFewerThan10ShorterUrls" classname="com.example.shorterUrl.repository.ShorterUrlRepositoryTest" time="0.011">
    <system-out><![CDATA[Hibernate: select s1_0.id,s1_0.accessnumber,s1_0.longurl,s1_0.shorturl from url s1_0 order by s1_0.accessnumber desc fetch first ? rows only
]]></system-out>
  </testcase>
  <testcase name="findAllProjectedBy_ShouldReturnShorterUrlsWithValidPagination" classname="com.example.shorterUrl.repository.ShorterUrlRepositoryTest" time="0.055">
    <system-out><![CDATA[Hibernate: insert into url (accessnumber,longurl,shorturl) values (?,?,?)
Hibernate: insert into url (accessnumber,longurl,shorturl) values (?,?,?)
Hibernate: insert into url (accessnumber,longurl,shorturl) values (?,?,?)
Hibernate: insert into url (accessnumber,longurl,shorturl) values (?,?,?)
Hibernate: insert into url (accessnumber,longurl,shorturl) values (?,?,?)
Hibernate: insert into url (accessnumber,longurl,shorturl) values (?,?,?)
Hibernate: insert into url (accessnumber,longurl,shorturl) values (?,?,?)
Hibernate: insert into url (accessnumber,longurl,shorturl) values (?,?,?)
Hibernate: insert into url (accessnumber,longurl,shorturl) values (?,?,?)
Hibernate: insert into url (accessnumber,longurl,shorturl) values (?,?,?)
Hibernate: select s1_0.id,s1_0.shorturl,s1_0.longurl,s1_0.accessnumber from url s1_0 offset ? rows fetch first ? rows only
Hibernate: select count(s1_0.id) from url s1_0
]]></system-out>
  </testcase>
</testsuite>